{"level":"info","time":"2026-03-09T03:46:49.818Z","pid":4796,"hostname":"DESKTOP-44C7FUN","method":"OPTIONS","route":"*","statusCode":204,"duration":"0ms","module":"http-request","msg":"Request completed"}
{"level":"info","time":"2026-03-09T03:46:49.820Z","pid":4796,"hostname":"DESKTOP-44C7FUN","method":"OPTIONS","route":"*","statusCode":204,"duration":"0ms","module":"http-request","msg":"Request completed"}
{"level":"info","time":"2026-03-09T03:46:49.821Z","pid":4796,"hostname":"DESKTOP-44C7FUN","method":"GET","route":"/api/documents","module":"http-request","msg":"Request started"}
{"level":"info","time":"2026-03-09T03:46:49.881Z","pid":4796,"hostname":"DESKTOP-44C7FUN","method":"GET","route":"/api/documents","statusCode":200,"duration":"60ms","module":"http-request","msg":"Request completed"}
{"level":"info","time":"2026-03-09T03:46:49.882Z","pid":4796,"hostname":"DESKTOP-44C7FUN","method":"GET","route":"/api/documents","module":"http-request","msg":"Request started"}
{"level":"info","time":"2026-03-09T03:46:49.887Z","pid":4796,"hostname":"DESKTOP-44C7FUN","method":"GET","route":"/api/documents","statusCode":200,"duration":"5ms","module":"http-request","msg":"Request completed"}
{"level":"info","time":"2026-03-09T03:58:48.184Z","pid":4796,"hostname":"DESKTOP-44C7FUN","method":"OPTIONS","route":"*","statusCode":204,"duration":"0ms","module":"http-request","msg":"Request completed"}
{"level":"info","time":"2026-03-09T03:58:48.184Z","pid":4796,"hostname":"DESKTOP-44C7FUN","method":"OPTIONS","route":"*","statusCode":204,"duration":"0ms","module":"http-request","msg":"Request completed"}
{"level":"info","time":"2026-03-09T03:58:48.186Z","pid":4796,"hostname":"DESKTOP-44C7FUN","method":"GET","route":"/api/auth/me","module":"http-request","msg":"Request started"}
{"level":"info","time":"2026-03-09T03:58:48.187Z","pid":4796,"hostname":"DESKTOP-44C7FUN","method":"GET","route":"/api/auth/me","statusCode":200,"duration":"1ms","module":"http-request","msg":"Request completed"}
{"level":"info","time":"2026-03-09T03:58:48.188Z","pid":4796,"hostname":"DESKTOP-44C7FUN","method":"GET","route":"/api/auth/me","module":"http-request","msg":"Request started"}
{"level":"info","time":"2026-03-09T03:58:48.189Z","pid":4796,"hostname":"DESKTOP-44C7FUN","method":"GET","route":"/api/auth/me","statusCode":200,"duration":"1ms","module":"http-request","msg":"Request completed"}
{"level":"info","time":"2026-03-09T03:58:48.217Z","pid":4796,"hostname":"DESKTOP-44C7FUN","method":"OPTIONS","route":"*","statusCode":204,"duration":"0ms","module":"http-request","msg":"Request completed"}
{"level":"info","time":"2026-03-09T03:58:48.218Z","pid":4796,"hostname":"DESKTOP-44C7FUN","method":"OPTIONS","route":"*","statusCode":204,"duration":"0ms","module":"http-request","msg":"Request completed"}
{"level":"info","time":"2026-03-09T03:58:48.220Z","pid":4796,"hostname":"DESKTOP-44C7FUN","method":"GET","route":"/api/documents","module":"http-request","msg":"Request started"}
{"level":"info","time":"2026-03-09T03:58:48.249Z","pid":4796,"hostname":"DESKTOP-44C7FUN","method":"GET","route":"/api/documents","statusCode":200,"duration":"29ms","module":"http-request","msg":"Request completed"}
{"level":"info","time":"2026-03-09T03:58:48.250Z","pid":4796,"hostname":"DESKTOP-44C7FUN","method":"GET","route":"/api/documents","module":"http-request","msg":"Request started"}
{"level":"info","time":"2026-03-09T03:58:48.254Z","pid":4796,"hostname":"DESKTOP-44C7FUN","method":"GET","route":"/api/documents","statusCode":200,"duration":"4ms","module":"http-request","msg":"Request completed"}
{"level":"info","time":"2026-03-09T04:00:07.035Z","pid":4796,"hostname":"DESKTOP-44C7FUN","method":"OPTIONS","route":"*","statusCode":204,"duration":"0ms","module":"http-request","msg":"Request completed"}
{"level":"info","time":"2026-03-09T04:00:07.036Z","pid":4796,"hostname":"DESKTOP-44C7FUN","method":"OPTIONS","route":"*","statusCode":204,"duration":"0ms","module":"http-request","msg":"Request completed"}
{"level":"info","time":"2026-03-09T04:00:07.038Z","pid":4796,"hostname":"DESKTOP-44C7FUN","method":"GET","route":"/api/tags","module":"http-request","msg":"Request started"}
{"level":"info","time":"2026-03-09T04:00:07.065Z","pid":4796,"hostname":"DESKTOP-44C7FUN","method":"OPTIONS","route":"*","statusCode":204,"duration":"0ms","module":"http-request","msg":"Request completed"}
{"level":"info","time":"2026-03-09T04:00:07.068Z","pid":4796,"hostname":"DESKTOP-44C7FUN","method":"GET","route":"/api/notes","module":"http-request","msg":"Request started"}
{"level":"info","time":"2026-03-09T04:00:07.088Z","pid":4796,"hostname":"DESKTOP-44C7FUN","method":"GET","route":"/api/tags","statusCode":200,"duration":"50ms","module":"http-request","msg":"Request completed"}
{"level":"info","time":"2026-03-09T04:00:07.090Z","pid":4796,"hostname":"DESKTOP-44C7FUN","method":"GET","route":"/api/tags","module":"http-request","msg":"Request started"}
{"level":"info","time":"2026-03-09T04:00:07.093Z","pid":4796,"hostname":"DESKTOP-44C7FUN","method":"GET","route":"/api/tags","statusCode":200,"duration":"2ms","module":"http-request","msg":"Request completed"}
{"level":"info","time":"2026-03-09T04:00:07.114Z","pid":4796,"hostname":"DESKTOP-44C7FUN","method":"GET","route":"/api/notes","statusCode":200,"duration":"46ms","module":"http-request","msg":"Request completed"}
{"level":"info","time":"2026-03-09T04:00:08.743Z","pid":4796,"hostname":"DESKTOP-44C7FUN","method":"OPTIONS","route":"*","statusCode":204,"duration":"0ms","module":"http-request","msg":"Request completed"}
{"level":"info","time":"2026-03-09T04:00:08.744Z","pid":4796,"hostname":"DESKTOP-44C7FUN","method":"OPTIONS","route":"*","statusCode":204,"duration":"0ms","module":"http-request","msg":"Request completed"}
{"level":"info","time":"2026-03-09T04:00:08.747Z","pid":4796,"hostname":"DESKTOP-44C7FUN","method":"GET","route":"/api/documents","module":"http-request","msg":"Request started"}
{"level":"info","time":"2026-03-09T04:00:08.752Z","pid":4796,"hostname":"DESKTOP-44C7FUN","method":"GET","route":"/api/documents","statusCode":200,"duration":"5ms","module":"http-request","msg":"Request completed"}
{"level":"info","time":"2026-03-09T04:00:08.754Z","pid":4796,"hostname":"DESKTOP-44C7FUN","method":"GET","route":"/api/documents","module":"http-request","msg":"Request started"}
{"level":"info","time":"2026-03-09T04:00:08.760Z","pid":4796,"hostname":"DESKTOP-44C7FUN","method":"GET","route":"/api/documents","statusCode":200,"duration":"6ms","module":"http-request","msg":"Request completed"}
{"level":"info","time":"2026-03-09T04:00:43.499Z","pid":4796,"hostname":"DESKTOP-44C7FUN","method":"OPTIONS","route":"*","statusCode":204,"duration":"0ms","module":"http-request","msg":"Request completed"}
{"level":"info","time":"2026-03-09T04:00:43.502Z","pid":4796,"hostname":"DESKTOP-44C7FUN","method":"POST","route":"/api/documents/upload","module":"http-request","msg":"Request started"}
{"level":"info","time":"2026-03-09T04:00:43.560Z","pid":4796,"hostname":"DESKTOP-44C7FUN","documentId":"a9b5bf8f-c6a4-46bc-8a62-1bb55d90889f","userId":"cd65009e-1ebe-413a-8c1a-c9d3d7100bdf","module":"document-processing","msg":"Document upload started"}
{"level":"info","time":"2026-03-09T04:00:43.569Z","pid":4796,"hostname":"DESKTOP-44C7FUN","method":"POST","route":"/api/documents/upload","statusCode":201,"duration":"67ms","module":"http-request","msg":"Request completed"}
{"level":"info","time":"2026-03-09T04:00:43.574Z","pid":4504,"hostname":"DESKTOP-44C7FUN","module":"embeddings-worker","jobName":"document-processing","jobId":"document_a9b5bf8f-c6a4-46bc-8a62-1bb55d90889f","documentId":"a9b5bf8f-c6a4-46bc-8a62-1bb55d90889f","userId":"cd65009e-1ebe-413a-8c1a-c9d3d7100bdf","msg":"Worker job received"}
{"level":"info","time":"2026-03-09T04:00:43.610Z","pid":4504,"hostname":"DESKTOP-44C7FUN","documentId":"a9b5bf8f-c6a4-46bc-8a62-1bb55d90889f","userId":"cd65009e-1ebe-413a-8c1a-c9d3d7100bdf","module":"document-processing","msg":"Document processing started"}
{"level":"info","time":"2026-03-09T04:00:43.614Z","pid":4504,"hostname":"DESKTOP-44C7FUN","documentId":"a9b5bf8f-c6a4-46bc-8a62-1bb55d90889f","userId":"cd65009e-1ebe-413a-8c1a-c9d3d7100bdf","module":"document-processing","msg":"Text extraction completed"}
{"level":"info","time":"2026-03-09T04:00:43.616Z","pid":4504,"hostname":"DESKTOP-44C7FUN","documentId":"a9b5bf8f-c6a4-46bc-8a62-1bb55d90889f","userId":"cd65009e-1ebe-413a-8c1a-c9d3d7100bdf","module":"document-processing","chunkCount":3,"msg":"Chunking completed"}
{"level":"info","time":"2026-03-09T04:00:43.620Z","pid":4504,"hostname":"DESKTOP-44C7FUN","documentId":"a9b5bf8f-c6a4-46bc-8a62-1bb55d90889f","userId":"cd65009e-1ebe-413a-8c1a-c9d3d7100bdf","module":"document-processing","existingHashesCount":0,"totalChunkRecords":3,"msg":"Document chunk hash analysis"}
{"level":"info","time":"2026-03-09T04:00:43.624Z","pid":4504,"hostname":"DESKTOP-44C7FUN","documentId":"a9b5bf8f-c6a4-46bc-8a62-1bb55d90889f","userId":"cd65009e-1ebe-413a-8c1a-c9d3d7100bdf","module":"document-processing","chunksToEmbedCount":3,"expectedPersistedCount":3,"msg":"Document embedding plan prepared"}
{"level":"info","time":"2026-03-09T04:00:43.627Z","pid":4504,"hostname":"DESKTOP-44C7FUN","documentId":"a9b5bf8f-c6a4-46bc-8a62-1bb55d90889f","userId":"cd65009e-1ebe-413a-8c1a-c9d3d7100bdf","module":"document-processing","batchStartIndex":0,"batchSize":3,"msg":"Embedding batch started"}
{"level":"info","time":"2026-03-09T04:00:43.627Z","pid":4504,"hostname":"DESKTOP-44C7FUN","module":"embeddings-service","batchSize":3,"endpoint":"https://router.huggingface.co/hf-inference/models/intfloat/multilingual-e5-large/pipeline/feature-extraction","msg":"Embedding batch started"}
{"level":"info","time":"2026-03-09T04:00:45.191Z","pid":4504,"hostname":"DESKTOP-44C7FUN","module":"embeddings-service","batchSize":3,"attempt":1,"msg":"Embedding batch completed"}
{"level":"info","time":"2026-03-09T04:00:45.305Z","pid":4504,"hostname":"DESKTOP-44C7FUN","documentId":"a9b5bf8f-c6a4-46bc-8a62-1bb55d90889f","userId":"cd65009e-1ebe-413a-8c1a-c9d3d7100bdf","module":"document-processing","batchStartIndex":0,"persistedCountAfterBatch":3,"msg":"Embedding batch completed"}
{"level":"info","time":"2026-03-09T04:00:45.311Z","pid":4504,"hostname":"DESKTOP-44C7FUN","documentId":"a9b5bf8f-c6a4-46bc-8a62-1bb55d90889f","userId":"cd65009e-1ebe-413a-8c1a-c9d3d7100bdf","totalChunks":3,"finalPersistedCount":3,"module":"document-processing","msg":"Document processing completed"}
{"level":"info","time":"2026-03-09T04:00:45.358Z","pid":4504,"hostname":"DESKTOP-44C7FUN","module":"embeddings-worker","jobName":"document-processing","jobId":"document_a9b5bf8f-c6a4-46bc-8a62-1bb55d90889f","userId":"cd65009e-1ebe-413a-8c1a-c9d3d7100bdf","documentId":"a9b5bf8f-c6a4-46bc-8a62-1bb55d90889f","msg":"Worker job completed"}
{"level":"info","time":"2026-03-09T04:00:45.596Z","pid":4796,"hostname":"DESKTOP-44C7FUN","method":"OPTIONS","route":"*","statusCode":204,"duration":"0ms","module":"http-request","msg":"Request completed"}
{"level":"info","time":"2026-03-09T04:00:45.598Z","pid":4796,"hostname":"DESKTOP-44C7FUN","method":"GET","route":"/api/documents/:id/status","module":"http-request","msg":"Request started"}
{"level":"info","time":"2026-03-09T04:00:45.603Z","pid":4796,"hostname":"DESKTOP-44C7FUN","method":"GET","route":"/api/documents/:id/status","statusCode":200,"duration":"5ms","module":"http-request","msg":"Request completed"}
{"level":"info","time":"2026-03-09T04:03:53.014Z","pid":14276,"hostname":"DESKTOP-44C7FUN","module":"embeddings-service","batchSize":8,"msg":"Embedding batch size resolved"}
{"level":"info","time":"2026-03-09T04:03:53.183Z","pid":14276,"hostname":"DESKTOP-44C7FUN","module":"notes-service","batchSize":8,"msg":"Embedding batch size resolved"}
{"level":"info","time":"2026-03-09T04:03:53.482Z","pid":14276,"hostname":"DESKTOP-44C7FUN","module":"document-processing","batchSize":8,"msg":"Embedding batch size resolved"}
{"level":"info","time":"2026-03-09T04:03:53.711Z","pid":14276,"hostname":"DESKTOP-44C7FUN","msg":"Server listening at http://0.0.0.0:3000"}
{"level":"info","time":"2026-03-09T04:03:53.711Z","pid":14276,"hostname":"DESKTOP-44C7FUN","address":"http://0.0.0.0:3000","port":3000,"module":"bootstrap","msg":"Server listening"}
{"level":"info","time":"2026-03-09T04:04:17.510Z","pid":21736,"hostname":"DESKTOP-44C7FUN","module":"embeddings-service","batchSize":8,"msg":"Embedding batch size resolved"}
{"level":"info","time":"2026-03-09T04:04:17.701Z","pid":21736,"hostname":"DESKTOP-44C7FUN","module":"notes-service","batchSize":8,"msg":"Embedding batch size resolved"}
{"level":"info","time":"2026-03-09T04:04:17.951Z","pid":21736,"hostname":"DESKTOP-44C7FUN","module":"document-processing","batchSize":8,"msg":"Embedding batch size resolved"}
{"level":"info","time":"2026-03-09T04:04:18.176Z","pid":21736,"hostname":"DESKTOP-44C7FUN","msg":"Server listening at http://0.0.0.0:3000"}
{"level":"info","time":"2026-03-09T04:04:18.176Z","pid":21736,"hostname":"DESKTOP-44C7FUN","address":"http://0.0.0.0:3000","port":3000,"module":"bootstrap","msg":"Server listening"}
{"level":"info","time":"2026-03-09T04:07:34.232Z","pid":21736,"hostname":"DESKTOP-44C7FUN","method":"OPTIONS","route":"*","statusCode":204,"duration":"0ms","module":"http-request","msg":"Request completed"}
{"level":"info","time":"2026-03-09T04:07:34.236Z","pid":21736,"hostname":"DESKTOP-44C7FUN","method":"GET","route":"/api/auth/me","module":"http-request","msg":"Request started"}
{"level":"info","time":"2026-03-09T04:07:34.241Z","pid":21736,"hostname":"DESKTOP-44C7FUN","method":"GET","route":"/api/auth/me","statusCode":200,"duration":"5ms","module":"http-request","msg":"Request completed"}
{"level":"info","time":"2026-03-09T04:07:34.259Z","pid":21736,"hostname":"DESKTOP-44C7FUN","method":"OPTIONS","route":"*","statusCode":204,"duration":"0ms","module":"http-request","msg":"Request completed"}
{"level":"info","time":"2026-03-09T04:07:34.261Z","pid":21736,"hostname":"DESKTOP-44C7FUN","method":"OPTIONS","route":"*","statusCode":204,"duration":"0ms","module":"http-request","msg":"Request completed"}
{"level":"info","time":"2026-03-09T04:07:34.263Z","pid":21736,"hostname":"DESKTOP-44C7FUN","method":"GET","route":"/api/documents","module":"http-request","msg":"Request started"}
{"level":"info","time":"2026-03-09T04:07:34.314Z","pid":21736,"hostname":"DESKTOP-44C7FUN","method":"GET","route":"/api/documents","statusCode":200,"duration":"51ms","module":"http-request","msg":"Request completed"}
{"level":"info","time":"2026-03-09T04:07:34.316Z","pid":21736,"hostname":"DESKTOP-44C7FUN","method":"GET","route":"/api/documents","module":"http-request","msg":"Request started"}
{"level":"info","time":"2026-03-09T04:07:34.322Z","pid":21736,"hostname":"DESKTOP-44C7FUN","method":"GET","route":"/api/documents","statusCode":200,"duration":"6ms","module":"http-request","msg":"Request completed"}
{"level":"info","time":"2026-03-09T04:08:40.191Z","pid":21736,"hostname":"DESKTOP-44C7FUN","method":"OPTIONS","route":"*","statusCode":204,"duration":"0ms","module":"http-request","msg":"Request completed"}
{"level":"info","time":"2026-03-09T04:08:40.193Z","pid":21736,"hostname":"DESKTOP-44C7FUN","method":"GET","route":"/api/documents","module":"http-request","msg":"Request started"}
{"level":"info","time":"2026-03-09T04:08:40.225Z","pid":21736,"hostname":"DESKTOP-44C7FUN","method":"GET","route":"/api/documents","statusCode":200,"duration":"32ms","module":"http-request","msg":"Request completed"}
{"level":"info","time":"2026-03-09T04:09:19.637Z","pid":21736,"hostname":"DESKTOP-44C7FUN","method":"GET","route":"/api/documents/:id/view","module":"http-request","msg":"Request started"}
{"level":"info","time":"2026-03-09T04:09:19.637Z","pid":21736,"hostname":"DESKTOP-44C7FUN","method":"GET","route":"/api/documents/:id/view","statusCode":401,"duration":"0ms","module":"http-request","msg":"Request completed"}
{"level":"info","time":"2026-03-09T04:09:19.716Z","pid":21736,"hostname":"DESKTOP-44C7FUN","method":"GET","route":"/favicon.ico","module":"http-request","msg":"Request started"}
{"level":"info","time":"2026-03-09T04:09:19.717Z","pid":21736,"hostname":"DESKTOP-44C7FUN","method":"GET","route":"/favicon.ico","statusCode":404,"duration":"1ms","module":"http-request","msg":"Request completed"}
{"level":"info","time":"2026-03-09T04:09:38.143Z","pid":21736,"hostname":"DESKTOP-44C7FUN","method":"OPTIONS","route":"*","statusCode":204,"duration":"0ms","module":"http-request","msg":"Request completed"}
{"level":"info","time":"2026-03-09T04:09:38.145Z","pid":21736,"hostname":"DESKTOP-44C7FUN","method":"OPTIONS","route":"*","statusCode":204,"duration":"0ms","module":"http-request","msg":"Request completed"}
{"level":"info","time":"2026-03-09T04:09:38.147Z","pid":21736,"hostname":"DESKTOP-44C7FUN","method":"GET","route":"/api/auth/me","module":"http-request","msg":"Request started"}
{"level":"info","time":"2026-03-09T04:09:38.149Z","pid":21736,"hostname":"DESKTOP-44C7FUN","method":"GET","route":"/api/auth/me","statusCode":200,"duration":"2ms","module":"http-request","msg":"Request completed"}
{"level":"info","time":"2026-03-09T04:09:38.151Z","pid":21736,"hostname":"DESKTOP-44C7FUN","method":"GET","route":"/api/auth/me","module":"http-request","msg":"Request started"}
{"level":"info","time":"2026-03-09T04:09:38.152Z","pid":21736,"hostname":"DESKTOP-44C7FUN","method":"GET","route":"/api/auth/me","statusCode":200,"duration":"1ms","module":"http-request","msg":"Request completed"}
{"level":"info","time":"2026-03-09T04:09:38.183Z","pid":21736,"hostname":"DESKTOP-44C7FUN","method":"OPTIONS","route":"*","statusCode":204,"duration":"0ms","module":"http-request","msg":"Request completed"}
{"level":"info","time":"2026-03-09T04:09:38.185Z","pid":21736,"hostname":"DESKTOP-44C7FUN","method":"OPTIONS","route":"*","statusCode":204,"duration":"0ms","module":"http-request","msg":"Request completed"}
{"level":"info","time":"2026-03-09T04:09:38.188Z","pid":21736,"hostname":"DESKTOP-44C7FUN","method":"GET","route":"/api/documents","module":"http-request","msg":"Request started"}
{"level":"info","time":"2026-03-09T04:09:38.222Z","pid":21736,"hostname":"DESKTOP-44C7FUN","method":"GET","route":"/api/documents","statusCode":200,"duration":"34ms","module":"http-request","msg":"Request completed"}
{"level":"info","time":"2026-03-09T04:09:38.227Z","pid":21736,"hostname":"DESKTOP-44C7FUN","method":"GET","route":"/api/documents","module":"http-request","msg":"Request started"}
{"level":"info","time":"2026-03-09T04:09:38.235Z","pid":21736,"hostname":"DESKTOP-44C7FUN","method":"GET","route":"/api/documents","statusCode":200,"duration":"8ms","module":"http-request","msg":"Request completed"}
{"level":"info","time":"2026-03-09T04:10:18.159Z","pid":21736,"hostname":"DESKTOP-44C7FUN","method":"GET","route":"/api/documents/:id/download","module":"http-request","msg":"Request started"}
{"level":"info","time":"2026-03-09T04:10:18.159Z","pid":21736,"hostname":"DESKTOP-44C7FUN","method":"GET","route":"/api/documents/:id/download","statusCode":401,"duration":"1ms","module":"http-request","msg":"Request completed"}
{"level":"info","time":"2026-03-09T04:13:34.497Z","pid":21736,"hostname":"DESKTOP-44C7FUN","method":"OPTIONS","route":"*","statusCode":204,"duration":"0ms","module":"http-request","msg":"Request completed"}
{"level":"info","time":"2026-03-09T04:13:34.499Z","pid":21736,"hostname":"DESKTOP-44C7FUN","method":"GET","route":"/api/auth/me","module":"http-request","msg":"Request started"}
{"level":"info","time":"2026-03-09T04:13:34.500Z","pid":21736,"hostname":"DESKTOP-44C7FUN","method":"GET","route":"/api/auth/me","statusCode":200,"duration":"1ms","module":"http-request","msg":"Request completed"}
{"level":"info","time":"2026-03-09T04:13:34.516Z","pid":21736,"hostname":"DESKTOP-44C7FUN","method":"OPTIONS","route":"*","statusCode":204,"duration":"0ms","module":"http-request","msg":"Request completed"}
{"level":"info","time":"2026-03-09T04:13:34.518Z","pid":21736,"hostname":"DESKTOP-44C7FUN","method":"OPTIONS","route":"*","statusCode":204,"duration":"0ms","module":"http-request","msg":"Request completed"}
{"level":"info","time":"2026-03-09T04:13:34.520Z","pid":21736,"hostname":"DESKTOP-44C7FUN","method":"GET","route":"/api/documents","module":"http-request","msg":"Request started"}
{"level":"info","time":"2026-03-09T04:13:34.551Z","pid":21736,"hostname":"DESKTOP-44C7FUN","method":"GET","route":"/api/documents","statusCode":200,"duration":"31ms","module":"http-request","msg":"Request completed"}
{"level":"info","time":"2026-03-09T04:13:34.553Z","pid":21736,"hostname":"DESKTOP-44C7FUN","method":"GET","route":"/api/documents","module":"http-request","msg":"Request started"}
{"level":"info","time":"2026-03-09T04:13:34.561Z","pid":21736,"hostname":"DESKTOP-44C7FUN","method":"GET","route":"/api/documents","statusCode":200,"duration":"8ms","module":"http-request","msg":"Request completed"}
{"level":"info","time":"2026-03-09T04:14:45.862Z","pid":21736,"hostname":"DESKTOP-44C7FUN","method":"OPTIONS","route":"*","statusCode":204,"duration":"0ms","module":"http-request","msg":"Request completed"}
{"level":"info","time":"2026-03-09T04:14:45.865Z","pid":21736,"hostname":"DESKTOP-44C7FUN","method":"GET","route":"/api/documents","module":"http-request","msg":"Request started"}
{"level":"info","time":"2026-03-09T04:14:45.905Z","pid":21736,"hostname":"DESKTOP-44C7FUN","method":"GET","route":"/api/documents","statusCode":200,"duration":"40ms","module":"http-request","msg":"Request completed"}
{"level":"info","time":"2026-03-09T04:15:11.351Z","pid":21736,"hostname":"DESKTOP-44C7FUN","method":"OPTIONS","route":"*","statusCode":204,"duration":"0ms","module":"http-request","msg":"Request completed"}
{"level":"info","time":"2026-03-09T04:15:11.354Z","pid":21736,"hostname":"DESKTOP-44C7FUN","method":"OPTIONS","route":"*","statusCode":204,"duration":"0ms","module":"http-request","msg":"Request completed"}
{"level":"info","time":"2026-03-09T04:15:11.357Z","pid":21736,"hostname":"DESKTOP-44C7FUN","method":"GET","route":"/api/auth/me","module":"http-request","msg":"Request started"}
{"level":"info","time":"2026-03-09T04:15:11.358Z","pid":21736,"hostname":"DESKTOP-44C7FUN","method":"GET","route":"/api/auth/me","statusCode":200,"duration":"1ms","module":"http-request","msg":"Request completed"}
{"level":"info","time":"2026-03-09T04:15:11.361Z","pid":21736,"hostname":"DESKTOP-44C7FUN","method":"GET","route":"/api/auth/me","module":"http-request","msg":"Request started"}
{"level":"info","time":"2026-03-09T04:15:11.362Z","pid":21736,"hostname":"DESKTOP-44C7FUN","method":"GET","route":"/api/auth/me","statusCode":200,"duration":"1ms","module":"http-request","msg":"Request completed"}
{"level":"info","time":"2026-03-09T04:15:11.382Z","pid":21736,"hostname":"DESKTOP-44C7FUN","method":"OPTIONS","route":"*","statusCode":204,"duration":"0ms","module":"http-request","msg":"Request completed"}
{"level":"info","time":"2026-03-09T04:15:11.384Z","pid":21736,"hostname":"DESKTOP-44C7FUN","method":"OPTIONS","route":"*","statusCode":204,"duration":"0ms","module":"http-request","msg":"Request completed"}
{"level":"info","time":"2026-03-09T04:15:11.386Z","pid":21736,"hostname":"DESKTOP-44C7FUN","method":"GET","route":"/api/documents","module":"http-request","msg":"Request started"}
{"level":"info","time":"2026-03-09T04:15:11.420Z","pid":21736,"hostname":"DESKTOP-44C7FUN","method":"GET","route":"/api/documents","statusCode":200,"duration":"34ms","module":"http-request","msg":"Request completed"}
{"level":"info","time":"2026-03-09T04:15:11.422Z","pid":21736,"hostname":"DESKTOP-44C7FUN","method":"GET","route":"/api/documents","module":"http-request","msg":"Request started"}
{"level":"info","time":"2026-03-09T04:15:11.427Z","pid":21736,"hostname":"DESKTOP-44C7FUN","method":"GET","route":"/api/documents","statusCode":200,"duration":"5ms","module":"http-request","msg":"Request completed"}
{"level":"info","time":"2026-03-09T04:15:14.234Z","pid":21736,"hostname":"DESKTOP-44C7FUN","method":"OPTIONS","route":"*","statusCode":204,"duration":"0ms","module":"http-request","msg":"Request completed"}
{"level":"info","time":"2026-03-09T04:15:14.236Z","pid":21736,"hostname":"DESKTOP-44C7FUN","method":"GET","route":"/api/documents/:id/view","module":"http-request","msg":"Request started"}
{"level":"info","time":"2026-03-09T04:15:14.244Z","pid":21736,"hostname":"DESKTOP-44C7FUN","method":"GET","route":"/api/documents/:id/view","statusCode":200,"duration":"7ms","module":"http-request","msg":"Request completed"}
{"level":"info","time":"2026-03-09T04:15:21.644Z","pid":21736,"hostname":"DESKTOP-44C7FUN","method":"OPTIONS","route":"*","statusCode":204,"duration":"0ms","module":"http-request","msg":"Request completed"}
{"level":"info","time":"2026-03-09T04:15:21.646Z","pid":21736,"hostname":"DESKTOP-44C7FUN","method":"GET","route":"/api/documents/:id/view","module":"http-request","msg":"Request started"}
{"level":"info","time":"2026-03-09T04:15:21.654Z","pid":21736,"hostname":"DESKTOP-44C7FUN","method":"GET","route":"/api/documents/:id/view","statusCode":200,"duration":"8ms","module":"http-request","msg":"Request completed"}
{"level":"info","time":"2026-03-09T04:15:32.390Z","pid":21736,"hostname":"DESKTOP-44C7FUN","method":"OPTIONS","route":"*","statusCode":204,"duration":"0ms","module":"http-request","msg":"Request completed"}
{"level":"info","time":"2026-03-09T04:15:32.393Z","pid":21736,"hostname":"DESKTOP-44C7FUN","method":"GET","route":"/api/documents/:id/download","module":"http-request","msg":"Request started"}
{"level":"info","time":"2026-03-09T04:15:32.412Z","pid":21736,"hostname":"DESKTOP-44C7FUN","method":"GET","route":"/api/documents/:id/download","statusCode":200,"duration":"19ms","module":"http-request","msg":"Request completed"}
{"level":"info","time":"2026-03-09T05:37:42.668Z","pid":21736,"hostname":"DESKTOP-44C7FUN","method":"OPTIONS","route":"*","statusCode":204,"duration":"0ms","module":"http-request","msg":"Request completed"}
{"level":"info","time":"2026-03-09T05:37:42.669Z","pid":21736,"hostname":"DESKTOP-44C7FUN","method":"OPTIONS","route":"*","statusCode":204,"duration":"0ms","module":"http-request","msg":"Request completed"}
{"level":"info","time":"2026-03-09T05:37:42.673Z","pid":21736,"hostname":"DESKTOP-44C7FUN","method":"GET","route":"/api/auth/me","module":"http-request","msg":"Request started"}
{"level":"info","time":"2026-03-09T05:37:42.685Z","pid":21736,"hostname":"DESKTOP-44C7FUN","method":"GET","route":"/api/auth/me","statusCode":200,"duration":"12ms","module":"http-request","msg":"Request completed"}
{"level":"info","time":"2026-03-09T05:37:42.703Z","pid":21736,"hostname":"DESKTOP-44C7FUN","method":"GET","route":"/api/auth/me","module":"http-request","msg":"Request started"}
{"level":"info","time":"2026-03-09T05:37:42.710Z","pid":21736,"hostname":"DESKTOP-44C7FUN","method":"GET","route":"/api/auth/me","statusCode":200,"duration":"7ms","module":"http-request","msg":"Request completed"}
{"level":"info","time":"2026-03-09T05:37:44.337Z","pid":21736,"hostname":"DESKTOP-44C7FUN","method":"OPTIONS","route":"*","statusCode":204,"duration":"0ms","module":"http-request","msg":"Request completed"}
{"level":"info","time":"2026-03-09T05:37:44.338Z","pid":21736,"hostname":"DESKTOP-44C7FUN","method":"OPTIONS","route":"*","statusCode":204,"duration":"0ms","module":"http-request","msg":"Request completed"}
{"level":"info","time":"2026-03-09T05:37:44.341Z","pid":21736,"hostname":"DESKTOP-44C7FUN","method":"GET","route":"/api/documents","module":"http-request","msg":"Request started"}
{"level":"info","time":"2026-03-09T05:37:44.408Z","pid":21736,"hostname":"DESKTOP-44C7FUN","method":"GET","route":"/api/documents","statusCode":200,"duration":"67ms","module":"http-request","msg":"Request completed"}
{"level":"info","time":"2026-03-09T05:37:44.409Z","pid":21736,"hostname":"DESKTOP-44C7FUN","method":"GET","route":"/api/documents","module":"http-request","msg":"Request started"}
{"level":"info","time":"2026-03-09T05:37:44.416Z","pid":21736,"hostname":"DESKTOP-44C7FUN","method":"GET","route":"/api/documents","statusCode":200,"duration":"7ms","module":"http-request","msg":"Request completed"}
{"level":"info","time":"2026-03-09T05:37:58.718Z","pid":4204,"hostname":"DESKTOP-44C7FUN","module":"embeddings-service","batchSize":8,"msg":"Embedding batch size resolved"}
{"level":"info","time":"2026-03-09T05:38:02.026Z","pid":4204,"hostname":"DESKTOP-44C7FUN","module":"notes-service","batchSize":8,"msg":"Embedding batch size resolved"}
{"level":"info","time":"2026-03-09T05:38:07.198Z","pid":4204,"hostname":"DESKTOP-44C7FUN","module":"document-processing","batchSize":8,"msg":"Embedding batch size resolved"}
{"level":"info","time":"2026-03-09T05:38:11.596Z","pid":4204,"hostname":"DESKTOP-44C7FUN","msg":"Server listening at http://0.0.0.0:3000"}
{"level":"info","time":"2026-03-09T05:38:11.596Z","pid":4204,"hostname":"DESKTOP-44C7FUN","address":"http://0.0.0.0:3000","port":3000,"module":"bootstrap","msg":"Server listening"}
{"level":"info","time":"2026-03-09T05:48:40.491Z","pid":4204,"hostname":"DESKTOP-44C7FUN","method":"OPTIONS","route":"*","statusCode":204,"duration":"0ms","module":"http-request","msg":"Request completed"}
{"level":"info","time":"2026-03-09T05:48:40.495Z","pid":4204,"hostname":"DESKTOP-44C7FUN","method":"GET","route":"/api/auth/me","module":"http-request","msg":"Request started"}
{"level":"info","time":"2026-03-09T05:48:40.504Z","pid":4204,"hostname":"DESKTOP-44C7FUN","method":"GET","route":"/api/auth/me","statusCode":200,"duration":"9ms","module":"http-request","msg":"Request completed"}
{"level":"info","time":"2026-03-09T05:48:40.505Z","pid":4204,"hostname":"DESKTOP-44C7FUN","method":"OPTIONS","route":"*","statusCode":204,"duration":"0ms","module":"http-request","msg":"Request completed"}
{"level":"info","time":"2026-03-09T05:48:40.509Z","pid":4204,"hostname":"DESKTOP-44C7FUN","method":"GET","route":"/api/auth/me","module":"http-request","msg":"Request started"}
{"level":"info","time":"2026-03-09T05:48:40.510Z","pid":4204,"hostname":"DESKTOP-44C7FUN","method":"GET","route":"/api/auth/me","statusCode":200,"duration":"1ms","module":"http-request","msg":"Request completed"}
{"level":"info","time":"2026-03-09T05:48:40.560Z","pid":4204,"hostname":"DESKTOP-44C7FUN","method":"OPTIONS","route":"*","statusCode":204,"duration":"0ms","module":"http-request","msg":"Request completed"}
{"level":"info","time":"2026-03-09T05:48:40.562Z","pid":4204,"hostname":"DESKTOP-44C7FUN","method":"OPTIONS","route":"*","statusCode":204,"duration":"0ms","module":"http-request","msg":"Request completed"}
{"level":"info","time":"2026-03-09T05:48:40.564Z","pid":4204,"hostname":"DESKTOP-44C7FUN","method":"GET","route":"/api/documents","module":"http-request","msg":"Request started"}
{"level":"info","time":"2026-03-09T05:48:40.632Z","pid":4204,"hostname":"DESKTOP-44C7FUN","method":"GET","route":"/api/documents","statusCode":200,"duration":"68ms","module":"http-request","msg":"Request completed"}
{"level":"info","time":"2026-03-09T05:48:40.634Z","pid":4204,"hostname":"DESKTOP-44C7FUN","method":"GET","route":"/api/documents","module":"http-request","msg":"Request started"}
{"level":"info","time":"2026-03-09T05:48:40.644Z","pid":4204,"hostname":"DESKTOP-44C7FUN","method":"GET","route":"/api/documents","statusCode":200,"duration":"10ms","module":"http-request","msg":"Request completed"}
{"level":"info","time":"2026-03-09T05:52:34.504Z","pid":4204,"hostname":"DESKTOP-44C7FUN","method":"OPTIONS","route":"*","statusCode":204,"duration":"0ms","module":"http-request","msg":"Request completed"}
{"level":"info","time":"2026-03-09T05:52:34.506Z","pid":4204,"hostname":"DESKTOP-44C7FUN","method":"GET","route":"/api/documents","module":"http-request","msg":"Request started"}
{"level":"info","time":"2026-03-09T05:52:34.534Z","pid":4204,"hostname":"DESKTOP-44C7FUN","method":"GET","route":"/api/documents","statusCode":200,"duration":"28ms","module":"http-request","msg":"Request completed"}
{"level":"info","time":"2026-03-09T05:53:38.183Z","pid":4204,"hostname":"DESKTOP-44C7FUN","method":"OPTIONS","route":"*","statusCode":204,"duration":"0ms","module":"http-request","msg":"Request completed"}
{"level":"info","time":"2026-03-09T05:53:38.185Z","pid":4204,"hostname":"DESKTOP-44C7FUN","method":"GET","route":"/api/documents","module":"http-request","msg":"Request started"}
{"level":"info","time":"2026-03-09T05:53:38.213Z","pid":4204,"hostname":"DESKTOP-44C7FUN","method":"GET","route":"/api/documents","statusCode":200,"duration":"28ms","module":"http-request","msg":"Request completed"}
{"level":"info","time":"2026-03-09T05:55:26.945Z","pid":4204,"hostname":"DESKTOP-44C7FUN","method":"OPTIONS","route":"*","statusCode":204,"duration":"0ms","module":"http-request","msg":"Request completed"}
{"level":"info","time":"2026-03-09T05:55:26.948Z","pid":4204,"hostname":"DESKTOP-44C7FUN","method":"GET","route":"/api/documents/:id/view","module":"http-request","msg":"Request started"}
{"level":"info","time":"2026-03-09T05:55:26.985Z","pid":4204,"hostname":"DESKTOP-44C7FUN","method":"GET","route":"/api/documents/:id/view","statusCode":200,"duration":"37ms","module":"http-request","msg":"Request completed"}
{"level":"info","time":"2026-03-09T05:55:31.145Z","pid":4204,"hostname":"DESKTOP-44C7FUN","method":"OPTIONS","route":"*","statusCode":204,"duration":"0ms","module":"http-request","msg":"Request completed"}
{"level":"info","time":"2026-03-09T05:55:31.150Z","pid":4204,"hostname":"DESKTOP-44C7FUN","method":"GET","route":"/api/documents/:id/view","module":"http-request","msg":"Request started"}
{"level":"info","time":"2026-03-09T05:55:31.166Z","pid":4204,"hostname":"DESKTOP-44C7FUN","method":"GET","route":"/api/documents/:id/view","statusCode":200,"duration":"16ms","module":"http-request","msg":"Request completed"}
{"level":"info","time":"2026-03-09T05:56:34.548Z","pid":4204,"hostname":"DESKTOP-44C7FUN","method":"OPTIONS","route":"*","statusCode":204,"duration":"0ms","module":"http-request","msg":"Request completed"}
{"level":"info","time":"2026-03-09T05:56:34.549Z","pid":4204,"hostname":"DESKTOP-44C7FUN","method":"OPTIONS","route":"*","statusCode":204,"duration":"0ms","module":"http-request","msg":"Request completed"}
{"level":"info","time":"2026-03-09T05:56:34.551Z","pid":4204,"hostname":"DESKTOP-44C7FUN","method":"GET","route":"/api/auth/me","module":"http-request","msg":"Request started"}
{"level":"info","time":"2026-03-09T05:56:34.552Z","pid":4204,"hostname":"DESKTOP-44C7FUN","method":"GET","route":"/api/auth/me","statusCode":200,"duration":"1ms","module":"http-request","msg":"Request completed"}
{"level":"info","time":"2026-03-09T05:56:34.554Z","pid":4204,"hostname":"DESKTOP-44C7FUN","method":"GET","route":"/api/auth/me","module":"http-request","msg":"Request started"}
{"level":"info","time":"2026-03-09T05:56:34.554Z","pid":4204,"hostname":"DESKTOP-44C7FUN","method":"GET","route":"/api/auth/me","statusCode":200,"duration":"0ms","module":"http-request","msg":"Request completed"}
{"level":"info","time":"2026-03-09T05:56:34.586Z","pid":4204,"hostname":"DESKTOP-44C7FUN","method":"OPTIONS","route":"*","statusCode":204,"duration":"0ms","module":"http-request","msg":"Request completed"}
{"level":"info","time":"2026-03-09T05:56:34.587Z","pid":4204,"hostname":"DESKTOP-44C7FUN","method":"OPTIONS","route":"*","statusCode":204,"duration":"0ms","module":"http-request","msg":"Request completed"}
{"level":"info","time":"2026-03-09T05:56:34.589Z","pid":4204,"hostname":"DESKTOP-44C7FUN","method":"GET","route":"/api/documents","module":"http-request","msg":"Request started"}
{"level":"info","time":"2026-03-09T05:56:34.621Z","pid":4204,"hostname":"DESKTOP-44C7FUN","method":"GET","route":"/api/documents","statusCode":200,"duration":"32ms","module":"http-request","msg":"Request completed"}
{"level":"info","time":"2026-03-09T05:56:34.625Z","pid":4204,"hostname":"DESKTOP-44C7FUN","method":"GET","route":"/api/documents","module":"http-request","msg":"Request started"}
{"level":"info","time":"2026-03-09T05:56:34.632Z","pid":4204,"hostname":"DESKTOP-44C7FUN","method":"GET","route":"/api/documents","statusCode":200,"duration":"7ms","module":"http-request","msg":"Request completed"}
{"level":"info","time":"2026-03-09T05:56:36.618Z","pid":4204,"hostname":"DESKTOP-44C7FUN","method":"OPTIONS","route":"*","statusCode":204,"duration":"0ms","module":"http-request","msg":"Request completed"}
{"level":"info","time":"2026-03-09T05:56:36.620Z","pid":4204,"hostname":"DESKTOP-44C7FUN","method":"GET","route":"/api/documents/:id/view","module":"http-request","msg":"Request started"}
{"level":"info","time":"2026-03-09T05:56:36.623Z","pid":4204,"hostname":"DESKTOP-44C7FUN","method":"GET","route":"/api/documents/:id/view","statusCode":200,"duration":"3ms","module":"http-request","msg":"Request completed"}
{"level":"info","time":"2026-03-09T06:00:47.177Z","pid":28740,"hostname":"DESKTOP-44C7FUN","module":"embeddings-service","batchSize":8,"msg":"Embedding batch size resolved"}
{"level":"info","time":"2026-03-09T06:00:47.381Z","pid":28740,"hostname":"DESKTOP-44C7FUN","module":"notes-service","batchSize":8,"msg":"Embedding batch size resolved"}
{"level":"info","time":"2026-03-09T06:00:47.702Z","pid":28740,"hostname":"DESKTOP-44C7FUN","module":"document-processing","batchSize":8,"msg":"Embedding batch size resolved"}
{"level":"info","time":"2026-03-09T06:00:47.937Z","pid":28740,"hostname":"DESKTOP-44C7FUN","msg":"Server listening at http://0.0.0.0:3000"}
{"level":"info","time":"2026-03-09T06:00:47.937Z","pid":28740,"hostname":"DESKTOP-44C7FUN","address":"http://0.0.0.0:3000","port":3000,"module":"bootstrap","msg":"Server listening"}
{"level":"info","time":"2026-03-09T06:06:04.668Z","pid":28740,"hostname":"DESKTOP-44C7FUN","method":"OPTIONS","route":"*","statusCode":204,"duration":"0ms","module":"http-request","msg":"Request completed"}
{"level":"info","time":"2026-03-09T06:06:04.669Z","pid":28740,"hostname":"DESKTOP-44C7FUN","method":"OPTIONS","route":"*","statusCode":204,"duration":"0ms","module":"http-request","msg":"Request completed"}
{"level":"info","time":"2026-03-09T06:06:04.674Z","pid":28740,"hostname":"DESKTOP-44C7FUN","method":"GET","route":"/api/auth/me","module":"http-request","msg":"Request started"}
{"level":"info","time":"2026-03-09T06:06:04.679Z","pid":28740,"hostname":"DESKTOP-44C7FUN","method":"GET","route":"/api/auth/me","statusCode":200,"duration":"5ms","module":"http-request","msg":"Request completed"}
{"level":"info","time":"2026-03-09T06:06:04.680Z","pid":28740,"hostname":"DESKTOP-44C7FUN","method":"GET","route":"/api/auth/me","module":"http-request","msg":"Request started"}
{"level":"info","time":"2026-03-09T06:06:04.681Z","pid":28740,"hostname":"DESKTOP-44C7FUN","method":"GET","route":"/api/auth/me","statusCode":200,"duration":"1ms","module":"http-request","msg":"Request completed"}
{"level":"info","time":"2026-03-09T06:06:04.711Z","pid":28740,"hostname":"DESKTOP-44C7FUN","method":"OPTIONS","route":"*","statusCode":204,"duration":"0ms","module":"http-request","msg":"Request completed"}
{"level":"info","time":"2026-03-09T06:06:04.712Z","pid":28740,"hostname":"DESKTOP-44C7FUN","method":"OPTIONS","route":"*","statusCode":204,"duration":"0ms","module":"http-request","msg":"Request completed"}
{"level":"info","time":"2026-03-09T06:06:04.714Z","pid":28740,"hostname":"DESKTOP-44C7FUN","method":"GET","route":"/api/documents","module":"http-request","msg":"Request started"}
{"level":"info","time":"2026-03-09T06:06:04.756Z","pid":28740,"hostname":"DESKTOP-44C7FUN","method":"GET","route":"/api/documents","statusCode":200,"duration":"42ms","module":"http-request","msg":"Request completed"}
{"level":"info","time":"2026-03-09T06:06:04.757Z","pid":28740,"hostname":"DESKTOP-44C7FUN","method":"GET","route":"/api/documents","module":"http-request","msg":"Request started"}
{"level":"info","time":"2026-03-09T06:06:04.761Z","pid":28740,"hostname":"DESKTOP-44C7FUN","method":"GET","route":"/api/documents","statusCode":200,"duration":"4ms","module":"http-request","msg":"Request completed"}
{"level":"info","time":"2026-03-09T06:06:07.147Z","pid":28740,"hostname":"DESKTOP-44C7FUN","method":"OPTIONS","route":"*","statusCode":204,"duration":"0ms","module":"http-request","msg":"Request completed"}
{"level":"info","time":"2026-03-09T06:06:07.149Z","pid":28740,"hostname":"DESKTOP-44C7FUN","method":"GET","route":"/api/documents/:id/view","module":"http-request","msg":"Request started"}
{"level":"info","time":"2026-03-09T06:06:07.156Z","pid":28740,"hostname":"DESKTOP-44C7FUN","method":"GET","route":"/api/documents/:id/view","statusCode":200,"duration":"7ms","module":"http-request","msg":"Request completed"}
{"level":"info","time":"2026-03-09T06:06:18.203Z","pid":28740,"hostname":"DESKTOP-44C7FUN","method":"OPTIONS","route":"*","statusCode":204,"duration":"0ms","module":"http-request","msg":"Request completed"}
{"level":"info","time":"2026-03-09T06:06:18.205Z","pid":28740,"hostname":"DESKTOP-44C7FUN","method":"GET","route":"/api/documents/:id/view","module":"http-request","msg":"Request started"}
{"level":"info","time":"2026-03-09T06:06:18.223Z","pid":28740,"hostname":"DESKTOP-44C7FUN","method":"GET","route":"/api/documents/:id/view","statusCode":200,"duration":"18ms","module":"http-request","msg":"Request completed"}
{"level":"info","time":"2026-03-09T06:08:54.607Z","pid":28740,"hostname":"DESKTOP-44C7FUN","method":"OPTIONS","route":"*","statusCode":204,"duration":"0ms","module":"http-request","msg":"Request completed"}
{"level":"info","time":"2026-03-09T06:08:54.609Z","pid":28740,"hostname":"DESKTOP-44C7FUN","method":"GET","route":"/api/documents/:id/view","module":"http-request","msg":"Request started"}
{"level":"info","time":"2026-03-09T06:08:54.634Z","pid":28740,"hostname":"DESKTOP-44C7FUN","method":"GET","route":"/api/documents/:id/view","statusCode":200,"duration":"26ms","module":"http-request","msg":"Request completed"}
{"level":"info","time":"2026-03-09T06:09:13.354Z","pid":28740,"hostname":"DESKTOP-44C7FUN","method":"OPTIONS","route":"*","statusCode":204,"duration":"0ms","module":"http-request","msg":"Request completed"}
{"level":"info","time":"2026-03-09T06:09:13.357Z","pid":28740,"hostname":"DESKTOP-44C7FUN","method":"POST","route":"/api/auth/login","module":"http-request","msg":"Request started"}
{"level":"info","time":"2026-03-09T06:09:13.359Z","pid":28740,"hostname":"DESKTOP-44C7FUN","email":"rajdeepmitra8@gmail.com","module":"auth-service","msg":"User login started"}
{"level":"warn","time":"2026-03-09T06:09:13.433Z","pid":28740,"hostname":"DESKTOP-44C7FUN","method":"POST","route":"/api/auth/login","statusCode":401,"module":"http-error-handler","err":{"type":"AppError","message":"Invalid credentials","stack":"AppError: Invalid credentials\n    at AuthService.login (D:\\Documents\\Projects\\ai_knowledge_manager\\backend\\src\\modules\\auth\\auth.service.ts:67:13)\n    at async Object.<anonymous> (D:\\Documents\\Projects\\ai_knowledge_manager\\backend\\src\\modules\\auth\\auth.route.ts:44:24)","statusCode":401,"name":"AppError"},"msg":"Handled application error"}
{"level":"info","time":"2026-03-09T06:09:13.435Z","pid":28740,"hostname":"DESKTOP-44C7FUN","method":"POST","route":"/api/auth/login","statusCode":401,"duration":"78ms","module":"http-request","msg":"Request completed"}
{"level":"info","time":"2026-03-09T06:09:19.390Z","pid":28740,"hostname":"DESKTOP-44C7FUN","method":"OPTIONS","route":"*","statusCode":204,"duration":"0ms","module":"http-request","msg":"Request completed"}
{"level":"info","time":"2026-03-09T06:09:19.394Z","pid":28740,"hostname":"DESKTOP-44C7FUN","method":"POST","route":"/api/auth/login","module":"http-request","msg":"Request started"}
{"level":"info","time":"2026-03-09T06:09:19.395Z","pid":28740,"hostname":"DESKTOP-44C7FUN","email":"rajdeepmitra8@gmail.com","module":"auth-service","msg":"User login started"}
{"level":"info","time":"2026-03-09T06:09:19.468Z","pid":28740,"hostname":"DESKTOP-44C7FUN","userId":"cd65009e-1ebe-413a-8c1a-c9d3d7100bdf","email":"rajdeepmitra8@gmail.com","module":"auth-service","msg":"User login completed"}
{"level":"info","time":"2026-03-09T06:09:19.469Z","pid":28740,"hostname":"DESKTOP-44C7FUN","method":"POST","route":"/api/auth/login","statusCode":200,"duration":"75ms","module":"http-request","msg":"Request completed"}
{"level":"info","time":"2026-03-09T06:09:19.572Z","pid":28740,"hostname":"DESKTOP-44C7FUN","method":"OPTIONS","route":"*","statusCode":204,"duration":"0ms","module":"http-request","msg":"Request completed"}
{"level":"info","time":"2026-03-09T06:09:19.573Z","pid":28740,"hostname":"DESKTOP-44C7FUN","method":"OPTIONS","route":"*","statusCode":204,"duration":"0ms","module":"http-request","msg":"Request completed"}
{"level":"info","time":"2026-03-09T06:09:19.575Z","pid":28740,"hostname":"DESKTOP-44C7FUN","method":"GET","route":"/api/stats","module":"http-request","msg":"Request started"}
{"level":"info","time":"2026-03-09T06:09:19.575Z","pid":28740,"hostname":"DESKTOP-44C7FUN","method":"GET","route":"/api/stats","statusCode":404,"duration":"0ms","module":"http-request","msg":"Request completed"}
{"level":"info","time":"2026-03-09T06:09:19.576Z","pid":28740,"hostname":"DESKTOP-44C7FUN","method":"GET","route":"/api/stats","module":"http-request","msg":"Request started"}
{"level":"info","time":"2026-03-09T06:09:19.576Z","pid":28740,"hostname":"DESKTOP-44C7FUN","method":"GET","route":"/api/stats","statusCode":404,"duration":"1ms","module":"http-request","msg":"Request completed"}
{"level":"info","time":"2026-03-09T06:09:23.692Z","pid":28740,"hostname":"DESKTOP-44C7FUN","method":"OPTIONS","route":"*","statusCode":204,"duration":"0ms","module":"http-request","msg":"Request completed"}
{"level":"info","time":"2026-03-09T06:09:23.692Z","pid":28740,"hostname":"DESKTOP-44C7FUN","method":"OPTIONS","route":"*","statusCode":204,"duration":"0ms","module":"http-request","msg":"Request completed"}
{"level":"info","time":"2026-03-09T06:09:23.694Z","pid":28740,"hostname":"DESKTOP-44C7FUN","method":"GET","route":"/api/documents","module":"http-request","msg":"Request started"}
{"level":"info","time":"2026-03-09T06:09:23.720Z","pid":28740,"hostname":"DESKTOP-44C7FUN","method":"GET","route":"/api/documents","statusCode":200,"duration":"26ms","module":"http-request","msg":"Request completed"}
{"level":"info","time":"2026-03-09T06:09:23.721Z","pid":28740,"hostname":"DESKTOP-44C7FUN","method":"GET","route":"/api/documents","module":"http-request","msg":"Request started"}
{"level":"info","time":"2026-03-09T06:09:23.726Z","pid":28740,"hostname":"DESKTOP-44C7FUN","method":"GET","route":"/api/documents","statusCode":200,"duration":"5ms","module":"http-request","msg":"Request completed"}
{"level":"info","time":"2026-03-09T06:09:27.264Z","pid":28740,"hostname":"DESKTOP-44C7FUN","method":"OPTIONS","route":"*","statusCode":204,"duration":"0ms","module":"http-request","msg":"Request completed"}
{"level":"info","time":"2026-03-09T06:09:27.266Z","pid":28740,"hostname":"DESKTOP-44C7FUN","method":"GET","route":"/api/documents/:id/view","module":"http-request","msg":"Request started"}
{"level":"info","time":"2026-03-09T06:09:27.269Z","pid":28740,"hostname":"DESKTOP-44C7FUN","method":"GET","route":"/api/documents/:id/view","statusCode":200,"duration":"3ms","module":"http-request","msg":"Request completed"}
{"level":"info","time":"2026-03-09T06:13:41.508Z","pid":28740,"hostname":"DESKTOP-44C7FUN","method":"OPTIONS","route":"*","statusCode":204,"duration":"0ms","module":"http-request","msg":"Request completed"}
{"level":"info","time":"2026-03-09T06:13:41.510Z","pid":28740,"hostname":"DESKTOP-44C7FUN","method":"GET","route":"/api/documents","module":"http-request","msg":"Request started"}
{"level":"info","time":"2026-03-09T06:13:41.534Z","pid":28740,"hostname":"DESKTOP-44C7FUN","method":"GET","route":"/api/documents","statusCode":200,"duration":"24ms","module":"http-request","msg":"Request completed"}
{"level":"info","time":"2026-03-09T06:14:03.191Z","pid":28740,"hostname":"DESKTOP-44C7FUN","method":"OPTIONS","route":"*","statusCode":204,"duration":"0ms","module":"http-request","msg":"Request completed"}
{"level":"info","time":"2026-03-09T06:14:03.193Z","pid":28740,"hostname":"DESKTOP-44C7FUN","method":"GET","route":"/api/documents","module":"http-request","msg":"Request started"}
{"level":"info","time":"2026-03-09T06:14:03.210Z","pid":28740,"hostname":"DESKTOP-44C7FUN","method":"GET","route":"/api/documents","statusCode":200,"duration":"17ms","module":"http-request","msg":"Request completed"}
{"level":"info","time":"2026-03-09T06:15:03.720Z","pid":28740,"hostname":"DESKTOP-44C7FUN","method":"GET","route":"/api/documents/:id/view","module":"http-request","msg":"Request started"}
{"level":"info","time":"2026-03-09T06:15:03.721Z","pid":28740,"hostname":"DESKTOP-44C7FUN","method":"GET","route":"/api/documents/:id/view","statusCode":401,"duration":"1ms","module":"http-request","msg":"Request completed"}
{"level":"info","time":"2026-03-09T06:15:03.791Z","pid":28740,"hostname":"DESKTOP-44C7FUN","method":"GET","route":"/favicon.ico","module":"http-request","msg":"Request started"}
{"level":"info","time":"2026-03-09T06:15:03.791Z","pid":28740,"hostname":"DESKTOP-44C7FUN","method":"GET","route":"/favicon.ico","statusCode":404,"duration":"0ms","module":"http-request","msg":"Request completed"}
{"level":"info","time":"2026-03-09T06:28:11.355Z","pid":14012,"hostname":"DESKTOP-44C7FUN","module":"embeddings-service","batchSize":8,"msg":"Embedding batch size resolved"}
{"level":"info","time":"2026-03-09T06:28:11.538Z","pid":14012,"hostname":"DESKTOP-44C7FUN","module":"notes-service","batchSize":8,"msg":"Embedding batch size resolved"}
{"level":"info","time":"2026-03-09T06:28:11.883Z","pid":14012,"hostname":"DESKTOP-44C7FUN","module":"document-processing","batchSize":8,"msg":"Embedding batch size resolved"}
{"level":"info","time":"2026-03-09T06:28:12.113Z","pid":14012,"hostname":"DESKTOP-44C7FUN","msg":"Server listening at http://0.0.0.0:3000"}
{"level":"info","time":"2026-03-09T06:28:12.113Z","pid":14012,"hostname":"DESKTOP-44C7FUN","address":"http://0.0.0.0:3000","port":3000,"module":"bootstrap","msg":"Server listening"}
{"level":"info","time":"2026-03-09T06:29:58.843Z","pid":29244,"hostname":"DESKTOP-44C7FUN","module":"embeddings-service","batchSize":8,"msg":"Embedding batch size resolved"}
{"level":"info","time":"2026-03-09T06:29:59.004Z","pid":29244,"hostname":"DESKTOP-44C7FUN","module":"notes-service","batchSize":8,"msg":"Embedding batch size resolved"}
{"level":"info","time":"2026-03-09T06:29:59.259Z","pid":29244,"hostname":"DESKTOP-44C7FUN","module":"document-processing","batchSize":8,"msg":"Embedding batch size resolved"}
{"level":"info","time":"2026-03-09T06:29:59.472Z","pid":29244,"hostname":"DESKTOP-44C7FUN","msg":"Server listening at http://0.0.0.0:3000"}
{"level":"info","time":"2026-03-09T06:29:59.472Z","pid":29244,"hostname":"DESKTOP-44C7FUN","address":"http://0.0.0.0:3000","port":3000,"module":"bootstrap","msg":"Server listening"}
{"level":"info","time":"2026-03-09T06:30:02.640Z","pid":29244,"hostname":"DESKTOP-44C7FUN","method":"OPTIONS","route":"*","statusCode":204,"duration":"0ms","module":"http-request","msg":"Request completed"}
{"level":"info","time":"2026-03-09T06:30:02.643Z","pid":29244,"hostname":"DESKTOP-44C7FUN","method":"GET","route":"/api/auth/me","module":"http-request","msg":"Request started"}
{"level":"info","time":"2026-03-09T06:30:02.647Z","pid":29244,"hostname":"DESKTOP-44C7FUN","method":"GET","route":"/api/auth/me","statusCode":200,"duration":"4ms","module":"http-request","msg":"Request completed"}
{"level":"info","time":"2026-03-09T06:30:02.649Z","pid":29244,"hostname":"DESKTOP-44C7FUN","method":"OPTIONS","route":"*","statusCode":204,"duration":"0ms","module":"http-request","msg":"Request completed"}
{"level":"info","time":"2026-03-09T06:30:02.651Z","pid":29244,"hostname":"DESKTOP-44C7FUN","method":"GET","route":"/api/auth/me","module":"http-request","msg":"Request started"}
{"level":"info","time":"2026-03-09T06:30:02.652Z","pid":29244,"hostname":"DESKTOP-44C7FUN","method":"GET","route":"/api/auth/me","statusCode":200,"duration":"1ms","module":"http-request","msg":"Request completed"}
{"level":"info","time":"2026-03-09T06:30:02.678Z","pid":29244,"hostname":"DESKTOP-44C7FUN","method":"OPTIONS","route":"*","statusCode":204,"duration":"0ms","module":"http-request","msg":"Request completed"}
{"level":"info","time":"2026-03-09T06:30:02.680Z","pid":29244,"hostname":"DESKTOP-44C7FUN","method":"OPTIONS","route":"*","statusCode":204,"duration":"0ms","module":"http-request","msg":"Request completed"}
{"level":"info","time":"2026-03-09T06:30:02.681Z","pid":29244,"hostname":"DESKTOP-44C7FUN","method":"GET","route":"/api/documents","module":"http-request","msg":"Request started"}
{"level":"info","time":"2026-03-09T06:30:02.724Z","pid":29244,"hostname":"DESKTOP-44C7FUN","method":"GET","route":"/api/documents","statusCode":200,"duration":"43ms","module":"http-request","msg":"Request completed"}
{"level":"info","time":"2026-03-09T06:30:02.725Z","pid":29244,"hostname":"DESKTOP-44C7FUN","method":"GET","route":"/api/documents","module":"http-request","msg":"Request started"}
{"level":"info","time":"2026-03-09T06:30:02.731Z","pid":29244,"hostname":"DESKTOP-44C7FUN","method":"GET","route":"/api/documents","statusCode":200,"duration":"6ms","module":"http-request","msg":"Request completed"}
{"level":"info","time":"2026-03-09T06:30:06.078Z","pid":29244,"hostname":"DESKTOP-44C7FUN","method":"GET","route":"/api/documents/:id/view","module":"http-request","msg":"Request started"}
{"level":"info","time":"2026-03-09T06:30:06.079Z","pid":29244,"hostname":"DESKTOP-44C7FUN","method":"GET","route":"/api/documents/:id/view","statusCode":401,"duration":"1ms","module":"http-request","msg":"Request completed"}
{"level":"info","time":"2026-03-09T06:31:17.497Z","pid":29244,"hostname":"DESKTOP-44C7FUN","method":"OPTIONS","route":"*","statusCode":204,"duration":"0ms","module":"http-request","msg":"Request completed"}
{"level":"info","time":"2026-03-09T06:31:17.498Z","pid":29244,"hostname":"DESKTOP-44C7FUN","method":"OPTIONS","route":"*","statusCode":204,"duration":"0ms","module":"http-request","msg":"Request completed"}
{"level":"info","time":"2026-03-09T06:31:17.500Z","pid":29244,"hostname":"DESKTOP-44C7FUN","method":"GET","route":"/api/documents","module":"http-request","msg":"Request started"}
{"level":"info","time":"2026-03-09T06:31:17.527Z","pid":29244,"hostname":"DESKTOP-44C7FUN","method":"GET","route":"/api/documents","statusCode":200,"duration":"27ms","module":"http-request","msg":"Request completed"}
{"level":"info","time":"2026-03-09T06:31:17.528Z","pid":29244,"hostname":"DESKTOP-44C7FUN","method":"GET","route":"/api/documents","module":"http-request","msg":"Request started"}
{"level":"info","time":"2026-03-09T06:31:17.534Z","pid":29244,"hostname":"DESKTOP-44C7FUN","method":"GET","route":"/api/documents","statusCode":200,"duration":"6ms","module":"http-request","msg":"Request completed"}
{"level":"info","time":"2026-03-09T06:31:48.190Z","pid":29244,"hostname":"DESKTOP-44C7FUN","method":"OPTIONS","route":"*","statusCode":204,"duration":"0ms","module":"http-request","msg":"Request completed"}
{"level":"info","time":"2026-03-09T06:31:48.192Z","pid":29244,"hostname":"DESKTOP-44C7FUN","method":"GET","route":"/api/documents","module":"http-request","msg":"Request started"}
{"level":"info","time":"2026-03-09T06:31:48.211Z","pid":29244,"hostname":"DESKTOP-44C7FUN","method":"GET","route":"/api/documents","statusCode":200,"duration":"19ms","module":"http-request","msg":"Request completed"}
{"level":"info","time":"2026-03-09T06:31:51.187Z","pid":29244,"hostname":"DESKTOP-44C7FUN","method":"GET","route":"/api/documents","module":"http-request","msg":"Request started"}
{"level":"info","time":"2026-03-09T06:31:51.193Z","pid":29244,"hostname":"DESKTOP-44C7FUN","method":"GET","route":"/api/documents","statusCode":200,"duration":"6ms","module":"http-request","msg":"Request completed"}
{"level":"info","time":"2026-03-09T06:31:55.726Z","pid":29244,"hostname":"DESKTOP-44C7FUN","method":"GET","route":"/api/documents/:id/view","module":"http-request","msg":"Request started"}
{"level":"info","time":"2026-03-09T06:31:55.731Z","pid":29244,"hostname":"DESKTOP-44C7FUN","method":"GET","route":"/api/documents/:id/view","statusCode":200,"duration":"5ms","module":"http-request","msg":"Request completed"}
{"level":"info","time":"2026-03-09T06:32:02.897Z","pid":29244,"hostname":"DESKTOP-44C7FUN","method":"OPTIONS","route":"*","statusCode":204,"duration":"0ms","module":"http-request","msg":"Request completed"}
{"level":"info","time":"2026-03-09T06:32:02.898Z","pid":29244,"hostname":"DESKTOP-44C7FUN","method":"OPTIONS","route":"*","statusCode":204,"duration":"0ms","module":"http-request","msg":"Request completed"}
{"level":"info","time":"2026-03-09T06:32:02.900Z","pid":29244,"hostname":"DESKTOP-44C7FUN","method":"GET","route":"/api/auth/me","module":"http-request","msg":"Request started"}
{"level":"info","time":"2026-03-09T06:32:02.900Z","pid":29244,"hostname":"DESKTOP-44C7FUN","method":"GET","route":"/api/auth/me","statusCode":200,"duration":"0ms","module":"http-request","msg":"Request completed"}
{"level":"info","time":"2026-03-09T06:32:02.901Z","pid":29244,"hostname":"DESKTOP-44C7FUN","method":"GET","route":"/api/auth/me","module":"http-request","msg":"Request started"}
{"level":"info","time":"2026-03-09T06:32:02.901Z","pid":29244,"hostname":"DESKTOP-44C7FUN","method":"GET","route":"/api/auth/me","statusCode":200,"duration":"0ms","module":"http-request","msg":"Request completed"}
{"level":"info","time":"2026-03-09T06:32:02.936Z","pid":29244,"hostname":"DESKTOP-44C7FUN","method":"OPTIONS","route":"*","statusCode":204,"duration":"0ms","module":"http-request","msg":"Request completed"}
{"level":"info","time":"2026-03-09T06:32:02.937Z","pid":29244,"hostname":"DESKTOP-44C7FUN","method":"OPTIONS","route":"*","statusCode":204,"duration":"0ms","module":"http-request","msg":"Request completed"}
{"level":"info","time":"2026-03-09T06:32:02.939Z","pid":29244,"hostname":"DESKTOP-44C7FUN","method":"GET","route":"/api/documents","module":"http-request","msg":"Request started"}
{"level":"info","time":"2026-03-09T06:32:02.958Z","pid":29244,"hostname":"DESKTOP-44C7FUN","method":"GET","route":"/api/documents","statusCode":200,"duration":"19ms","module":"http-request","msg":"Request completed"}
{"level":"info","time":"2026-03-09T06:32:02.959Z","pid":29244,"hostname":"DESKTOP-44C7FUN","method":"GET","route":"/api/documents","module":"http-request","msg":"Request started"}
{"level":"info","time":"2026-03-09T06:32:02.963Z","pid":29244,"hostname":"DESKTOP-44C7FUN","method":"GET","route":"/api/documents","statusCode":200,"duration":"4ms","module":"http-request","msg":"Request completed"}
{"level":"info","time":"2026-03-09T06:32:07.361Z","pid":29244,"hostname":"DESKTOP-44C7FUN","method":"GET","route":"/api/documents/:id/view","module":"http-request","msg":"Request started"}
{"level":"info","time":"2026-03-09T06:32:07.364Z","pid":29244,"hostname":"DESKTOP-44C7FUN","method":"GET","route":"/api/documents/:id/view","statusCode":200,"duration":"3ms","module":"http-request","msg":"Request completed"}
{"level":"info","time":"2026-03-09T06:32:13.714Z","pid":29244,"hostname":"DESKTOP-44C7FUN","method":"GET","route":"/api/documents/:id/view","module":"http-request","msg":"Request started"}
{"level":"info","time":"2026-03-09T06:32:13.718Z","pid":29244,"hostname":"DESKTOP-44C7FUN","method":"GET","route":"/api/documents/:id/view","statusCode":200,"duration":"4ms","module":"http-request","msg":"Request completed"}
{"level":"info","time":"2026-03-09T06:45:41.738Z","pid":29244,"hostname":"DESKTOP-44C7FUN","method":"OPTIONS","route":"*","statusCode":204,"duration":"0ms","module":"http-request","msg":"Request completed"}
{"level":"info","time":"2026-03-09T06:45:41.739Z","pid":29244,"hostname":"DESKTOP-44C7FUN","method":"OPTIONS","route":"*","statusCode":204,"duration":"0ms","module":"http-request","msg":"Request completed"}
{"level":"info","time":"2026-03-09T06:45:41.743Z","pid":29244,"hostname":"DESKTOP-44C7FUN","method":"GET","route":"/api/auth/me","module":"http-request","msg":"Request started"}
{"level":"info","time":"2026-03-09T06:45:41.744Z","pid":29244,"hostname":"DESKTOP-44C7FUN","method":"GET","route":"/api/auth/me","statusCode":200,"duration":"1ms","module":"http-request","msg":"Request completed"}
{"level":"info","time":"2026-03-09T06:45:41.745Z","pid":29244,"hostname":"DESKTOP-44C7FUN","method":"GET","route":"/api/auth/me","module":"http-request","msg":"Request started"}
{"level":"info","time":"2026-03-09T06:45:41.746Z","pid":29244,"hostname":"DESKTOP-44C7FUN","method":"GET","route":"/api/auth/me","statusCode":200,"duration":"1ms","module":"http-request","msg":"Request completed"}
{"level":"info","time":"2026-03-09T06:45:41.797Z","pid":29244,"hostname":"DESKTOP-44C7FUN","method":"OPTIONS","route":"*","statusCode":204,"duration":"0ms","module":"http-request","msg":"Request completed"}
{"level":"info","time":"2026-03-09T06:45:41.798Z","pid":29244,"hostname":"DESKTOP-44C7FUN","method":"OPTIONS","route":"*","statusCode":204,"duration":"0ms","module":"http-request","msg":"Request completed"}
{"level":"info","time":"2026-03-09T06:45:41.803Z","pid":29244,"hostname":"DESKTOP-44C7FUN","method":"GET","route":"/api/documents","module":"http-request","msg":"Request started"}
{"level":"info","time":"2026-03-09T06:45:41.837Z","pid":29244,"hostname":"DESKTOP-44C7FUN","method":"GET","route":"/api/documents","statusCode":200,"duration":"34ms","module":"http-request","msg":"Request completed"}
{"level":"info","time":"2026-03-09T06:45:41.838Z","pid":29244,"hostname":"DESKTOP-44C7FUN","method":"GET","route":"/api/documents","module":"http-request","msg":"Request started"}
{"level":"info","time":"2026-03-09T06:45:41.844Z","pid":29244,"hostname":"DESKTOP-44C7FUN","method":"GET","route":"/api/documents","statusCode":200,"duration":"6ms","module":"http-request","msg":"Request completed"}
{"level":"info","time":"2026-03-09T06:45:51.443Z","pid":29244,"hostname":"DESKTOP-44C7FUN","method":"GET","route":"/api/documents/:id/view","module":"http-request","msg":"Request started"}
{"level":"info","time":"2026-03-09T06:45:51.447Z","pid":29244,"hostname":"DESKTOP-44C7FUN","method":"GET","route":"/api/documents/:id/view","statusCode":200,"duration":"4ms","module":"http-request","msg":"Request completed"}
{"level":"info","time":"2026-03-09T06:46:09.215Z","pid":29244,"hostname":"DESKTOP-44C7FUN","method":"OPTIONS","route":"*","statusCode":204,"duration":"0ms","module":"http-request","msg":"Request completed"}
{"level":"info","time":"2026-03-09T06:46:09.217Z","pid":29244,"hostname":"DESKTOP-44C7FUN","method":"GET","route":"/api/documents","module":"http-request","msg":"Request started"}
{"level":"info","time":"2026-03-09T06:46:09.235Z","pid":29244,"hostname":"DESKTOP-44C7FUN","method":"GET","route":"/api/documents","statusCode":200,"duration":"18ms","module":"http-request","msg":"Request completed"}
{"level":"info","time":"2026-03-09T06:46:13.489Z","pid":29244,"hostname":"DESKTOP-44C7FUN","method":"GET","route":"/api/documents/:id/view","module":"http-request","msg":"Request started"}
{"level":"info","time":"2026-03-09T06:46:13.494Z","pid":29244,"hostname":"DESKTOP-44C7FUN","method":"GET","route":"/api/documents/:id/view","statusCode":200,"duration":"5ms","module":"http-request","msg":"Request completed"}
{"level":"info","time":"2026-03-09T06:46:18.366Z","pid":29244,"hostname":"DESKTOP-44C7FUN","method":"OPTIONS","route":"*","statusCode":204,"duration":"0ms","module":"http-request","msg":"Request completed"}
{"level":"info","time":"2026-03-09T06:46:18.367Z","pid":29244,"hostname":"DESKTOP-44C7FUN","method":"OPTIONS","route":"*","statusCode":204,"duration":"0ms","module":"http-request","msg":"Request completed"}
{"level":"info","time":"2026-03-09T06:46:18.371Z","pid":29244,"hostname":"DESKTOP-44C7FUN","method":"GET","route":"/api/auth/me","module":"http-request","msg":"Request started"}
{"level":"info","time":"2026-03-09T06:46:18.372Z","pid":29244,"hostname":"DESKTOP-44C7FUN","method":"GET","route":"/api/auth/me","statusCode":200,"duration":"1ms","module":"http-request","msg":"Request completed"}
{"level":"info","time":"2026-03-09T06:46:18.373Z","pid":29244,"hostname":"DESKTOP-44C7FUN","method":"GET","route":"/api/auth/me","module":"http-request","msg":"Request started"}
{"level":"info","time":"2026-03-09T06:46:18.374Z","pid":29244,"hostname":"DESKTOP-44C7FUN","method":"GET","route":"/api/auth/me","statusCode":200,"duration":"1ms","module":"http-request","msg":"Request completed"}
{"level":"info","time":"2026-03-09T06:46:18.397Z","pid":29244,"hostname":"DESKTOP-44C7FUN","method":"OPTIONS","route":"*","statusCode":204,"duration":"0ms","module":"http-request","msg":"Request completed"}
{"level":"info","time":"2026-03-09T06:46:18.397Z","pid":29244,"hostname":"DESKTOP-44C7FUN","method":"OPTIONS","route":"*","statusCode":204,"duration":"0ms","module":"http-request","msg":"Request completed"}
{"level":"info","time":"2026-03-09T06:46:18.400Z","pid":29244,"hostname":"DESKTOP-44C7FUN","method":"GET","route":"/api/documents","module":"http-request","msg":"Request started"}
{"level":"info","time":"2026-03-09T06:46:18.405Z","pid":29244,"hostname":"DESKTOP-44C7FUN","method":"GET","route":"/api/documents","statusCode":200,"duration":"5ms","module":"http-request","msg":"Request completed"}
{"level":"info","time":"2026-03-09T06:46:18.406Z","pid":29244,"hostname":"DESKTOP-44C7FUN","method":"GET","route":"/api/documents","module":"http-request","msg":"Request started"}
{"level":"info","time":"2026-03-09T06:46:18.411Z","pid":29244,"hostname":"DESKTOP-44C7FUN","method":"GET","route":"/api/documents","statusCode":200,"duration":"5ms","module":"http-request","msg":"Request completed"}
{"level":"info","time":"2026-03-09T06:46:21.979Z","pid":29244,"hostname":"DESKTOP-44C7FUN","method":"GET","route":"/api/documents/:id/view","module":"http-request","msg":"Request started"}
{"level":"info","time":"2026-03-09T06:46:21.982Z","pid":29244,"hostname":"DESKTOP-44C7FUN","method":"GET","route":"/api/documents/:id/view","statusCode":200,"duration":"3ms","module":"http-request","msg":"Request completed"}
{"level":"info","time":"2026-03-09T06:46:25.817Z","pid":29244,"hostname":"DESKTOP-44C7FUN","method":"OPTIONS","route":"*","statusCode":204,"duration":"0ms","module":"http-request","msg":"Request completed"}
{"level":"info","time":"2026-03-09T06:46:25.819Z","pid":29244,"hostname":"DESKTOP-44C7FUN","method":"GET","route":"/api/documents/:id/download","module":"http-request","msg":"Request started"}
{"level":"info","time":"2026-03-09T06:46:25.823Z","pid":29244,"hostname":"DESKTOP-44C7FUN","method":"GET","route":"/api/documents/:id/download","statusCode":200,"duration":"4ms","module":"http-request","msg":"Request completed"}
{"level":"info","time":"2026-03-09T06:47:49.915Z","pid":29244,"hostname":"DESKTOP-44C7FUN","method":"OPTIONS","route":"*","statusCode":204,"duration":"0ms","module":"http-request","msg":"Request completed"}
{"level":"info","time":"2026-03-09T06:47:49.916Z","pid":29244,"hostname":"DESKTOP-44C7FUN","method":"OPTIONS","route":"*","statusCode":204,"duration":"0ms","module":"http-request","msg":"Request completed"}
{"level":"info","time":"2026-03-09T06:47:49.917Z","pid":29244,"hostname":"DESKTOP-44C7FUN","method":"GET","route":"/api/auth/me","module":"http-request","msg":"Request started"}
{"level":"info","time":"2026-03-09T06:47:49.918Z","pid":29244,"hostname":"DESKTOP-44C7FUN","method":"GET","route":"/api/auth/me","statusCode":200,"duration":"1ms","module":"http-request","msg":"Request completed"}
{"level":"info","time":"2026-03-09T06:47:49.919Z","pid":29244,"hostname":"DESKTOP-44C7FUN","method":"GET","route":"/api/auth/me","module":"http-request","msg":"Request started"}
{"level":"info","time":"2026-03-09T06:47:49.919Z","pid":29244,"hostname":"DESKTOP-44C7FUN","method":"GET","route":"/api/auth/me","statusCode":200,"duration":"0ms","module":"http-request","msg":"Request completed"}
{"level":"info","time":"2026-03-09T06:47:49.942Z","pid":29244,"hostname":"DESKTOP-44C7FUN","method":"OPTIONS","route":"*","statusCode":204,"duration":"0ms","module":"http-request","msg":"Request completed"}
{"level":"info","time":"2026-03-09T06:47:49.942Z","pid":29244,"hostname":"DESKTOP-44C7FUN","method":"OPTIONS","route":"*","statusCode":204,"duration":"0ms","module":"http-request","msg":"Request completed"}
{"level":"info","time":"2026-03-09T06:47:49.945Z","pid":29244,"hostname":"DESKTOP-44C7FUN","method":"GET","route":"/api/documents","module":"http-request","msg":"Request started"}
{"level":"info","time":"2026-03-09T06:47:49.972Z","pid":29244,"hostname":"DESKTOP-44C7FUN","method":"GET","route":"/api/documents","statusCode":200,"duration":"27ms","module":"http-request","msg":"Request completed"}
{"level":"info","time":"2026-03-09T06:47:49.973Z","pid":29244,"hostname":"DESKTOP-44C7FUN","method":"GET","route":"/api/documents","module":"http-request","msg":"Request started"}
{"level":"info","time":"2026-03-09T06:47:49.978Z","pid":29244,"hostname":"DESKTOP-44C7FUN","method":"GET","route":"/api/documents","statusCode":200,"duration":"5ms","module":"http-request","msg":"Request completed"}
{"level":"info","time":"2026-03-09T06:47:53.130Z","pid":29244,"hostname":"DESKTOP-44C7FUN","method":"GET","route":"/api/documents/:id/view","module":"http-request","msg":"Request started"}
{"level":"info","time":"2026-03-09T06:47:53.134Z","pid":29244,"hostname":"DESKTOP-44C7FUN","method":"GET","route":"/api/documents/:id/view","statusCode":200,"duration":"4ms","module":"http-request","msg":"Request completed"}
{"level":"info","time":"2026-03-09T06:51:17.792Z","pid":29244,"hostname":"DESKTOP-44C7FUN","method":"OPTIONS","route":"*","statusCode":204,"duration":"0ms","module":"http-request","msg":"Request completed"}
{"level":"info","time":"2026-03-09T06:51:17.795Z","pid":29244,"hostname":"DESKTOP-44C7FUN","method":"POST","route":"/api/documents/upload","module":"http-request","msg":"Request started"}
{"level":"info","time":"2026-03-09T06:51:17.860Z","pid":29244,"hostname":"DESKTOP-44C7FUN","documentId":"50a37652-4fc2-4d10-a846-bfab8e8243ea","userId":"cd65009e-1ebe-413a-8c1a-c9d3d7100bdf","module":"document-processing","msg":"Document upload started"}
{"level":"info","time":"2026-03-09T06:51:17.871Z","pid":29244,"hostname":"DESKTOP-44C7FUN","method":"POST","route":"/api/documents/upload","statusCode":201,"duration":"76ms","module":"http-request","msg":"Request completed"}
{"level":"info","time":"2026-03-09T06:51:17.881Z","pid":4504,"hostname":"DESKTOP-44C7FUN","module":"embeddings-worker","jobName":"document-processing","jobId":"document_50a37652-4fc2-4d10-a846-bfab8e8243ea","documentId":"50a37652-4fc2-4d10-a846-bfab8e8243ea","userId":"cd65009e-1ebe-413a-8c1a-c9d3d7100bdf","msg":"Worker job received"}
{"level":"info","time":"2026-03-09T06:51:17.917Z","pid":4504,"hostname":"DESKTOP-44C7FUN","documentId":"50a37652-4fc2-4d10-a846-bfab8e8243ea","userId":"cd65009e-1ebe-413a-8c1a-c9d3d7100bdf","module":"document-processing","msg":"Document processing started"}
{"level":"info","time":"2026-03-09T06:51:19.273Z","pid":4504,"hostname":"DESKTOP-44C7FUN","documentId":"50a37652-4fc2-4d10-a846-bfab8e8243ea","userId":"cd65009e-1ebe-413a-8c1a-c9d3d7100bdf","module":"document-processing","msg":"Text extraction completed"}
{"level":"info","time":"2026-03-09T06:51:19.274Z","pid":4504,"hostname":"DESKTOP-44C7FUN","documentId":"50a37652-4fc2-4d10-a846-bfab8e8243ea","userId":"cd65009e-1ebe-413a-8c1a-c9d3d7100bdf","module":"document-processing","chunkCount":2,"msg":"Chunking completed"}
{"level":"info","time":"2026-03-09T06:51:19.277Z","pid":4504,"hostname":"DESKTOP-44C7FUN","documentId":"50a37652-4fc2-4d10-a846-bfab8e8243ea","userId":"cd65009e-1ebe-413a-8c1a-c9d3d7100bdf","module":"document-processing","existingHashesCount":0,"totalChunkRecords":2,"msg":"Document chunk hash analysis"}
{"level":"info","time":"2026-03-09T06:51:19.282Z","pid":4504,"hostname":"DESKTOP-44C7FUN","documentId":"50a37652-4fc2-4d10-a846-bfab8e8243ea","userId":"cd65009e-1ebe-413a-8c1a-c9d3d7100bdf","module":"document-processing","chunksToEmbedCount":2,"expectedPersistedCount":2,"msg":"Document embedding plan prepared"}
{"level":"info","time":"2026-03-09T06:51:19.286Z","pid":4504,"hostname":"DESKTOP-44C7FUN","documentId":"50a37652-4fc2-4d10-a846-bfab8e8243ea","userId":"cd65009e-1ebe-413a-8c1a-c9d3d7100bdf","module":"document-processing","batchStartIndex":0,"batchSize":2,"msg":"Embedding batch started"}
{"level":"info","time":"2026-03-09T06:51:19.286Z","pid":4504,"hostname":"DESKTOP-44C7FUN","module":"embeddings-service","batchSize":2,"endpoint":"https://router.huggingface.co/hf-inference/models/intfloat/multilingual-e5-large/pipeline/feature-extraction","msg":"Embedding batch started"}
{"level":"info","time":"2026-03-09T06:51:19.888Z","pid":29244,"hostname":"DESKTOP-44C7FUN","method":"OPTIONS","route":"*","statusCode":204,"duration":"0ms","module":"http-request","msg":"Request completed"}
{"level":"info","time":"2026-03-09T06:51:19.890Z","pid":29244,"hostname":"DESKTOP-44C7FUN","method":"GET","route":"/api/documents/:id/status","module":"http-request","msg":"Request started"}
{"level":"info","time":"2026-03-09T06:51:19.894Z","pid":29244,"hostname":"DESKTOP-44C7FUN","method":"GET","route":"/api/documents/:id/status","statusCode":200,"duration":"4ms","module":"http-request","msg":"Request completed"}
{"level":"info","time":"2026-03-09T06:51:21.903Z","pid":29244,"hostname":"DESKTOP-44C7FUN","method":"GET","route":"/api/documents/:id/status","module":"http-request","msg":"Request started"}
{"level":"info","time":"2026-03-09T06:51:21.907Z","pid":29244,"hostname":"DESKTOP-44C7FUN","method":"GET","route":"/api/documents/:id/status","statusCode":200,"duration":"4ms","module":"http-request","msg":"Request completed"}
{"level":"info","time":"2026-03-09T06:51:23.915Z","pid":29244,"hostname":"DESKTOP-44C7FUN","method":"GET","route":"/api/documents/:id/status","module":"http-request","msg":"Request started"}
{"level":"info","time":"2026-03-09T06:51:23.919Z","pid":29244,"hostname":"DESKTOP-44C7FUN","method":"GET","route":"/api/documents/:id/status","statusCode":200,"duration":"4ms","module":"http-request","msg":"Request completed"}
{"level":"info","time":"2026-03-09T06:51:25.930Z","pid":29244,"hostname":"DESKTOP-44C7FUN","method":"OPTIONS","route":"*","statusCode":204,"duration":"0ms","module":"http-request","msg":"Request completed"}
{"level":"info","time":"2026-03-09T06:51:25.932Z","pid":29244,"hostname":"DESKTOP-44C7FUN","method":"GET","route":"/api/documents/:id/status","module":"http-request","msg":"Request started"}
{"level":"info","time":"2026-03-09T06:51:25.936Z","pid":29244,"hostname":"DESKTOP-44C7FUN","method":"GET","route":"/api/documents/:id/status","statusCode":200,"duration":"4ms","module":"http-request","msg":"Request completed"}
{"level":"info","time":"2026-03-09T06:51:27.944Z","pid":29244,"hostname":"DESKTOP-44C7FUN","method":"GET","route":"/api/documents/:id/status","module":"http-request","msg":"Request started"}
{"level":"info","time":"2026-03-09T06:51:27.948Z","pid":29244,"hostname":"DESKTOP-44C7FUN","method":"GET","route":"/api/documents/:id/status","statusCode":200,"duration":"4ms","module":"http-request","msg":"Request completed"}
{"level":"info","time":"2026-03-09T06:51:29.960Z","pid":29244,"hostname":"DESKTOP-44C7FUN","method":"GET","route":"/api/documents/:id/status","module":"http-request","msg":"Request started"}
{"level":"info","time":"2026-03-09T06:51:29.963Z","pid":29244,"hostname":"DESKTOP-44C7FUN","method":"GET","route":"/api/documents/:id/status","statusCode":200,"duration":"3ms","module":"http-request","msg":"Request completed"}
{"level":"info","time":"2026-03-09T06:51:31.053Z","pid":4504,"hostname":"DESKTOP-44C7FUN","module":"embeddings-service","batchSize":2,"attempt":1,"msg":"Embedding batch completed"}
{"level":"info","time":"2026-03-09T06:51:31.133Z","pid":4504,"hostname":"DESKTOP-44C7FUN","documentId":"50a37652-4fc2-4d10-a846-bfab8e8243ea","userId":"cd65009e-1ebe-413a-8c1a-c9d3d7100bdf","module":"document-processing","batchStartIndex":0,"persistedCountAfterBatch":2,"msg":"Embedding batch completed"}
{"level":"info","time":"2026-03-09T06:51:31.139Z","pid":4504,"hostname":"DESKTOP-44C7FUN","documentId":"50a37652-4fc2-4d10-a846-bfab8e8243ea","userId":"cd65009e-1ebe-413a-8c1a-c9d3d7100bdf","totalChunks":2,"finalPersistedCount":2,"module":"document-processing","msg":"Document processing completed"}
{"level":"info","time":"2026-03-09T06:51:31.142Z","pid":4504,"hostname":"DESKTOP-44C7FUN","module":"embeddings-worker","jobName":"document-processing","jobId":"document_50a37652-4fc2-4d10-a846-bfab8e8243ea","userId":"cd65009e-1ebe-413a-8c1a-c9d3d7100bdf","documentId":"50a37652-4fc2-4d10-a846-bfab8e8243ea","msg":"Worker job completed"}
{"level":"info","time":"2026-03-09T06:51:31.973Z","pid":29244,"hostname":"DESKTOP-44C7FUN","method":"OPTIONS","route":"*","statusCode":204,"duration":"0ms","module":"http-request","msg":"Request completed"}
{"level":"info","time":"2026-03-09T06:51:31.975Z","pid":29244,"hostname":"DESKTOP-44C7FUN","method":"GET","route":"/api/documents/:id/status","module":"http-request","msg":"Request started"}
{"level":"info","time":"2026-03-09T06:51:31.979Z","pid":29244,"hostname":"DESKTOP-44C7FUN","method":"GET","route":"/api/documents/:id/status","statusCode":200,"duration":"4ms","module":"http-request","msg":"Request completed"}
{"level":"info","time":"2026-03-09T06:51:39.311Z","pid":29244,"hostname":"DESKTOP-44C7FUN","method":"GET","route":"/api/documents/:id/view","module":"http-request","msg":"Request started"}
{"level":"info","time":"2026-03-09T06:51:39.315Z","pid":29244,"hostname":"DESKTOP-44C7FUN","method":"GET","route":"/api/documents/:id/view","statusCode":200,"duration":"4ms","module":"http-request","msg":"Request completed"}
{"level":"info","time":"2026-03-09T06:51:39.450Z","pid":29244,"hostname":"DESKTOP-44C7FUN","method":"GET","route":"/api/documents/:id/view","module":"http-request","msg":"Request started"}
{"level":"info","time":"2026-03-09T06:51:39.453Z","pid":29244,"hostname":"DESKTOP-44C7FUN","method":"GET","route":"/api/documents/:id/view","statusCode":200,"duration":"3ms","module":"http-request","msg":"Request completed"}
{"level":"info","time":"2026-03-09T06:51:53.689Z","pid":29244,"hostname":"DESKTOP-44C7FUN","method":"OPTIONS","route":"*","statusCode":204,"duration":"0ms","module":"http-request","msg":"Request completed"}
{"level":"info","time":"2026-03-09T06:51:53.689Z","pid":29244,"hostname":"DESKTOP-44C7FUN","method":"OPTIONS","route":"*","statusCode":204,"duration":"0ms","module":"http-request","msg":"Request completed"}
{"level":"info","time":"2026-03-09T06:51:53.694Z","pid":29244,"hostname":"DESKTOP-44C7FUN","method":"GET","route":"/api/auth/me","module":"http-request","msg":"Request started"}
{"level":"info","time":"2026-03-09T06:51:53.695Z","pid":29244,"hostname":"DESKTOP-44C7FUN","method":"GET","route":"/api/auth/me","statusCode":200,"duration":"1ms","module":"http-request","msg":"Request completed"}
{"level":"info","time":"2026-03-09T06:51:53.696Z","pid":29244,"hostname":"DESKTOP-44C7FUN","method":"GET","route":"/api/auth/me","module":"http-request","msg":"Request started"}
{"level":"info","time":"2026-03-09T06:51:53.697Z","pid":29244,"hostname":"DESKTOP-44C7FUN","method":"GET","route":"/api/auth/me","statusCode":200,"duration":"1ms","module":"http-request","msg":"Request completed"}
{"level":"info","time":"2026-03-09T06:51:53.721Z","pid":29244,"hostname":"DESKTOP-44C7FUN","method":"OPTIONS","route":"*","statusCode":204,"duration":"0ms","module":"http-request","msg":"Request completed"}
{"level":"info","time":"2026-03-09T06:51:53.721Z","pid":29244,"hostname":"DESKTOP-44C7FUN","method":"OPTIONS","route":"*","statusCode":204,"duration":"0ms","module":"http-request","msg":"Request completed"}
{"level":"info","time":"2026-03-09T06:51:53.724Z","pid":29244,"hostname":"DESKTOP-44C7FUN","method":"GET","route":"/api/documents","module":"http-request","msg":"Request started"}
{"level":"info","time":"2026-03-09T06:51:53.742Z","pid":29244,"hostname":"DESKTOP-44C7FUN","method":"GET","route":"/api/documents","statusCode":200,"duration":"18ms","module":"http-request","msg":"Request completed"}
{"level":"info","time":"2026-03-09T06:51:53.743Z","pid":29244,"hostname":"DESKTOP-44C7FUN","method":"GET","route":"/api/documents","module":"http-request","msg":"Request started"}
{"level":"info","time":"2026-03-09T06:51:53.748Z","pid":29244,"hostname":"DESKTOP-44C7FUN","method":"GET","route":"/api/documents","statusCode":200,"duration":"5ms","module":"http-request","msg":"Request completed"}
{"level":"info","time":"2026-03-09T06:52:12.104Z","pid":29244,"hostname":"DESKTOP-44C7FUN","method":"GET","route":"/api/documents/:id/view","module":"http-request","msg":"Request started"}
{"level":"info","time":"2026-03-09T06:52:12.119Z","pid":29244,"hostname":"DESKTOP-44C7FUN","method":"GET","route":"/api/documents/:id/view","statusCode":200,"duration":"15ms","module":"http-request","msg":"Request completed"}
{"level":"info","time":"2026-03-09T06:52:12.171Z","pid":29244,"hostname":"DESKTOP-44C7FUN","method":"GET","route":"/api/documents/:id/view","module":"http-request","msg":"Request started"}
{"level":"info","time":"2026-03-09T06:52:12.175Z","pid":29244,"hostname":"DESKTOP-44C7FUN","method":"GET","route":"/api/documents/:id/view","statusCode":200,"duration":"4ms","module":"http-request","msg":"Request completed"}
{"level":"info","time":"2026-03-09T06:52:36.527Z","pid":29244,"hostname":"DESKTOP-44C7FUN","method":"GET","route":"/api/documents/:id/view","module":"http-request","msg":"Request started"}
{"level":"info","time":"2026-03-09T06:52:36.549Z","pid":29244,"hostname":"DESKTOP-44C7FUN","method":"GET","route":"/api/documents/:id/view","statusCode":200,"duration":"22ms","module":"http-request","msg":"Request completed"}
{"level":"info","time":"2026-03-09T06:52:57.496Z","pid":29244,"hostname":"DESKTOP-44C7FUN","method":"GET","route":"/api/documents/:id/view","module":"http-request","msg":"Request started"}
{"level":"info","time":"2026-03-09T06:52:57.511Z","pid":29244,"hostname":"DESKTOP-44C7FUN","method":"GET","route":"/api/documents/:id/view","statusCode":200,"duration":"15ms","module":"http-request","msg":"Request completed"}
{"level":"info","time":"2026-03-09T06:53:08.260Z","pid":29244,"hostname":"DESKTOP-44C7FUN","method":"GET","route":"/api/documents/:id/view","module":"http-request","msg":"Request started"}
{"level":"info","time":"2026-03-09T06:53:08.260Z","pid":29244,"hostname":"DESKTOP-44C7FUN","method":"GET","route":"/api/documents/:id/view","statusCode":401,"duration":"0ms","module":"http-request","msg":"Request completed"}
